<?xml version="1.0" encoding="UTF-8"?>
<!-- Generated by org.testng.reporters.JUnitReportReporter -->
<testsuite skipped="0" hostname="DESKTOP-GQF8HD8" name="com.MercuryTours_Pages.MercuryTours_HomePage" tests="1" failures="0" timestamp="10 Mar 2019 11:34:08 GMT" time="19.617" errors="0">
  <testcase name="signIn" time="19.617" classname="com.MercuryTours_Pages.MercuryTours_HomePage"/>
</testsuite> <!-- com.MercuryTours_Pages.MercuryTours_HomePage -->
