<?xml version="1.0" encoding="UTF-8"?>
<!-- Generated by org.testng.reporters.JUnitReportReporter -->
<testsuite skipped="0" hostname="DESKTOP-GQF8HD8" name="com.MercuryTours_Pages.C_MercuryTours_Regiseter" tests="1" failures="0" timestamp="03 Apr 2019 01:09:56 GMT" time="9.572" errors="0">
  <testcase name="register" time="9.572" classname="com.MercuryTours_Pages.C_MercuryTours_Regiseter"/>
</testsuite> <!-- com.MercuryTours_Pages.C_MercuryTours_Regiseter -->
