<?xml version="1.0" encoding="UTF-8"?>
<!-- Generated by org.testng.reporters.JUnitReportReporter -->
<testsuite skipped="1" hostname="DESKTOP-GQF8HD8" name="com.MercuryTours_Pages.MercuryTours_Regiseter" tests="1" failures="0" timestamp="10 Mar 2019 02:09:13 GMT" time="0.000" errors="0">
  <testcase name="register" time="0.000" classname="com.MercuryTours_Pages.MercuryTours_Regiseter">
    <skipped/>
  </testcase> <!-- register -->
</testsuite> <!-- com.MercuryTours_Pages.MercuryTours_Regiseter -->
