<?xml version="1.0" encoding="UTF-8"?>
<!-- Generated by org.testng.reporters.JUnitReportReporter -->
<testsuite skipped="0" hostname="DESKTOP-GQF8HD8" name="com.MercuryTours_Pages.B_MercuryTours_Dep_Return" tests="2" failures="0" timestamp="10 Mar 2019 12:08:59 GMT" time="42.018" errors="0">
  <testcase name="bookFlight" time="13.685" classname="com.MercuryTours_Pages.B_MercuryTours_Dep_Return"/>
  <testcase name="Departure_Return" time="28.333" classname="com.MercuryTours_Pages.B_MercuryTours_Dep_Return"/>
</testsuite> <!-- com.MercuryTours_Pages.B_MercuryTours_Dep_Return -->
